2021-08-09 09:58:04.391  INFO 10040 --- [main] com.dreamchaser.Application : Starting Application on DESKTOP-I43T2Q2 with PID 10040 (E:\javaEE资料\Blog\target\classes started by 孙 in E:\javaEE资料\Blog)
2021-08-09 09:58:04.396  INFO 10040 --- [main] com.dreamchaser.Application : The following profiles are active: dev
2021-08-09 09:58:10.415  INFO 10040 --- [main] org.springframework.boot.web.embedded.tomcat.TomcatWebServer : Tomcat initialized with port(s): 9090 (http)
2021-08-09 09:58:10.455  INFO 10040 --- [main] org.apache.catalina.core.StandardService : Starting service [Tomcat]
2021-08-09 09:58:10.455  INFO 10040 --- [main] org.apache.catalina.core.StandardEngine : Starting Servlet engine: [Apache Tomcat/9.0.36]
2021-08-09 09:58:10.490  INFO 10040 --- [main] org.apache.catalina.core.AprLifecycleListener : Loaded Apache Tomcat Native library [1.2.23] using APR version [1.7.0].
2021-08-09 09:58:10.490  INFO 10040 --- [main] org.apache.catalina.core.AprLifecycleListener : APR capabilities: IPv6 [true], sendfile [true], accept filters [false], random [true].
2021-08-09 09:58:10.490  INFO 10040 --- [main] org.apache.catalina.core.AprLifecycleListener : APR/OpenSSL configuration: useAprConnector [false], useOpenSSL [true]
2021-08-09 09:58:10.540  INFO 10040 --- [main] org.apache.catalina.core.AprLifecycleListener : OpenSSL successfully initialized [OpenSSL 1.1.1c  28 May 2019]
2021-08-09 09:58:10.830  INFO 10040 --- [main] org.apache.catalina.core.ContainerBase.[Tomcat].[localhost].[/] : Initializing Spring embedded WebApplicationContext
2021-08-09 09:58:10.830  INFO 10040 --- [main] org.springframework.boot.web.servlet.context.ServletWebServerApplicationContext : Root WebApplicationContext: initialization completed in 6180 ms
2021-08-09 09:58:11.449  INFO 10040 --- [main] com.alibaba.druid.spring.boot.autoconfigure.DruidDataSourceAutoConfigure : Init DruidDataSource
2021-08-09 09:58:11.980  INFO 10040 --- [main] com.alibaba.druid.pool.DruidDataSource : {dataSource-1} inited
2021-08-09 09:58:13.593  INFO 10040 --- [main] springfox.documentation.spring.web.PropertySourcedRequestMappingHandlerMapping : Mapped URL path [/v2/api-docs] onto method [springfox.documentation.swagger2.web.Swagger2Controller#getDocumentation(String, HttpServletRequest)]
2021-08-09 09:58:13.731  INFO 10040 --- [main] org.springframework.scheduling.concurrent.ThreadPoolTaskExecutor : Initializing ExecutorService 'applicationTaskExecutor'
2021-08-09 09:58:14.030  INFO 10040 --- [main] org.springframework.boot.autoconfigure.web.servlet.WelcomePageHandlerMapping : Adding welcome page template: index
2021-08-09 09:58:14.576  INFO 10040 --- [main] org.springframework.boot.web.embedded.tomcat.TomcatWebServer : Tomcat started on port(s): 9090 (http) with context path ''
2021-08-09 09:58:14.576  INFO 10040 --- [main] springfox.documentation.spring.web.plugins.DocumentationPluginsBootstrapper : Context refreshed
2021-08-09 09:58:14.667  INFO 10040 --- [main] springfox.documentation.spring.web.plugins.DocumentationPluginsBootstrapper : Found 1 custom documentation plugin(s)
2021-08-09 09:58:14.786  INFO 10040 --- [main] springfox.documentation.spring.web.scanners.ApiListingReferenceScanner : Scanning for api listing references
2021-08-09 09:58:15.303  INFO 10040 --- [main] springfox.documentation.spring.web.readers.operation.CachingOperationNameGenerator : Generating unique operation named: tag_inputUsingGET_1
2021-08-09 09:58:15.307  INFO 10040 --- [main] springfox.documentation.spring.web.readers.operation.CachingOperationNameGenerator : Generating unique operation named: types_inputUsingGET_1
2021-08-09 09:58:15.320  INFO 10040 --- [main] springfox.documentation.spring.web.readers.operation.CachingOperationNameGenerator : Generating unique operation named: updateUsingPUT_1
2021-08-09 09:58:15.399  INFO 10040 --- [main] com.dreamchaser.Application : Started Application in 14.006 seconds (JVM running for 17.368)
2021-08-09 09:59:16.118  INFO 10040 --- [http-nio-9090-exec-1] org.apache.catalina.core.ContainerBase.[Tomcat].[localhost].[/] : Initializing Spring DispatcherServlet 'dispatcherServlet'
2021-08-09 09:59:16.118  INFO 10040 --- [http-nio-9090-exec-1] org.springframework.web.servlet.DispatcherServlet : Initializing Servlet 'dispatcherServlet'
2021-08-09 09:59:16.125  INFO 10040 --- [http-nio-9090-exec-1] org.springframework.web.servlet.DispatcherServlet : Completed initialization in 7 ms
2021-08-09 09:59:16.180  INFO 10040 --- [http-nio-9090-exec-1] com.dreamchaser.aop.WebLogAspect : ################URL : http://localhost:9090/index
2021-08-09 09:59:16.180  INFO 10040 --- [http-nio-9090-exec-1] com.dreamchaser.aop.WebLogAspect : ################HTTP_METHOD : GET
2021-08-09 09:59:16.181  INFO 10040 --- [http-nio-9090-exec-1] com.dreamchaser.aop.WebLogAspect : ################IP : 0:0:0:0:0:0:0:1
2021-08-09 09:59:16.181  INFO 10040 --- [http-nio-9090-exec-1] com.dreamchaser.aop.WebLogAspect : ################THE ARGS OF THE CONTROLLER : [{}]
2021-08-09 09:59:16.193  INFO 10040 --- [http-nio-9090-exec-1] com.dreamchaser.aop.WebLogAspect : ################CLASS_METHOD : com.dreamchaser.controller.PageController.index
2021-08-09 10:29:24.243  INFO 10040 --- [http-nio-9090-exec-8] com.dreamchaser.aop.WebLogAspect : ################URL : http://localhost:9090/index
2021-08-09 10:29:24.246  INFO 10040 --- [http-nio-9090-exec-8] com.dreamchaser.aop.WebLogAspect : ################HTTP_METHOD : GET
2021-08-09 10:29:24.247  INFO 10040 --- [http-nio-9090-exec-8] com.dreamchaser.aop.WebLogAspect : ################IP : 0:0:0:0:0:0:0:1
2021-08-09 10:29:24.247  INFO 10040 --- [http-nio-9090-exec-8] com.dreamchaser.aop.WebLogAspect : ################THE ARGS OF THE CONTROLLER : [{}]
2021-08-09 10:29:24.247  INFO 10040 --- [http-nio-9090-exec-8] com.dreamchaser.aop.WebLogAspect : ################CLASS_METHOD : com.dreamchaser.controller.PageController.index
2021-08-09 10:29:36.375  INFO 10040 --- [http-nio-9090-exec-1] com.dreamchaser.aop.WebLogAspect : ################URL : http://localhost:9090/login
2021-08-09 10:29:36.376  INFO 10040 --- [http-nio-9090-exec-1] com.dreamchaser.aop.WebLogAspect : ################HTTP_METHOD : GET
2021-08-09 10:29:36.376  INFO 10040 --- [http-nio-9090-exec-1] com.dreamchaser.aop.WebLogAspect : ################IP : 0:0:0:0:0:0:0:1
2021-08-09 10:29:36.376  INFO 10040 --- [http-nio-9090-exec-1] com.dreamchaser.aop.WebLogAspect : ################THE ARGS OF THE CONTROLLER : []
2021-08-09 10:29:36.376  INFO 10040 --- [http-nio-9090-exec-1] com.dreamchaser.aop.WebLogAspect : ################CLASS_METHOD : com.dreamchaser.controller.PageController.login
2021-08-09 10:29:37.999  INFO 10040 --- [http-nio-9090-exec-2] com.dreamchaser.aop.WebLogAspect : ################URL : http://localhost:9090/user/login
2021-08-09 10:29:38.000  INFO 10040 --- [http-nio-9090-exec-2] com.dreamchaser.aop.WebLogAspect : ################HTTP_METHOD : POST
2021-08-09 10:29:38.001  INFO 10040 --- [http-nio-9090-exec-2] com.dreamchaser.aop.WebLogAspect : ################IP : 0:0:0:0:0:0:0:1
2021-08-09 10:29:38.001  INFO 10040 --- [http-nio-9090-exec-2] com.dreamchaser.aop.WebLogAspect : ################THE ARGS OF THE CONTROLLER : [{name=root, password=123456}, org.apache.catalina.session.StandardSessionFacade@3c0c05a]
2021-08-09 10:29:38.002  INFO 10040 --- [http-nio-9090-exec-2] com.dreamchaser.aop.WebLogAspect : ################CLASS_METHOD : com.dreamchaser.controller.UserController.loginUser
2021-08-09 10:29:38.028  INFO 10040 --- [http-nio-9090-exec-4] com.dreamchaser.aop.WebLogAspect : ################URL : http://localhost:9090/admin/blogs
2021-08-09 10:29:38.028  INFO 10040 --- [http-nio-9090-exec-4] com.dreamchaser.aop.WebLogAspect : ################HTTP_METHOD : GET
2021-08-09 10:29:38.028  INFO 10040 --- [http-nio-9090-exec-4] com.dreamchaser.aop.WebLogAspect : ################IP : 0:0:0:0:0:0:0:1
2021-08-09 10:29:38.028  INFO 10040 --- [http-nio-9090-exec-4] com.dreamchaser.aop.WebLogAspect : ################THE ARGS OF THE CONTROLLER : []
2021-08-09 10:29:38.029  INFO 10040 --- [http-nio-9090-exec-4] com.dreamchaser.aop.WebLogAspect : ################CLASS_METHOD : com.dreamchaser.controller.PageController.blogs
2021-08-09 10:29:40.424  INFO 10040 --- [http-nio-9090-exec-7] com.dreamchaser.aop.WebLogAspect : ################URL : http://localhost:9090/admin/comments
2021-08-09 10:29:40.425  INFO 10040 --- [http-nio-9090-exec-7] com.dreamchaser.aop.WebLogAspect : ################HTTP_METHOD : GET
2021-08-09 10:29:40.425  INFO 10040 --- [http-nio-9090-exec-7] com.dreamchaser.aop.WebLogAspect : ################IP : 0:0:0:0:0:0:0:1
2021-08-09 10:29:40.425  INFO 10040 --- [http-nio-9090-exec-7] com.dreamchaser.aop.WebLogAspect : ################THE ARGS OF THE CONTROLLER : []
2021-08-09 10:29:40.425  INFO 10040 --- [http-nio-9090-exec-7] com.dreamchaser.aop.WebLogAspect : ################CLASS_METHOD : com.dreamchaser.controller.PageController.comments
2021-08-09 10:33:17.657  INFO 10040 --- [http-nio-9090-exec-5] com.dreamchaser.aop.WebLogAspect : ################URL : http://localhost:9090/admin/tags
2021-08-09 10:33:17.657  INFO 10040 --- [http-nio-9090-exec-5] com.dreamchaser.aop.WebLogAspect : ################HTTP_METHOD : GET
2021-08-09 10:33:17.657  INFO 10040 --- [http-nio-9090-exec-5] com.dreamchaser.aop.WebLogAspect : ################IP : 0:0:0:0:0:0:0:1
2021-08-09 10:33:17.658  INFO 10040 --- [http-nio-9090-exec-5] com.dreamchaser.aop.WebLogAspect : ################THE ARGS OF THE CONTROLLER : []
2021-08-09 10:33:17.658  INFO 10040 --- [http-nio-9090-exec-5] com.dreamchaser.aop.WebLogAspect : ################CLASS_METHOD : com.dreamchaser.controller.PageController.tags
2021-08-09 10:33:28.297  INFO 10040 --- [http-nio-9090-exec-8] com.dreamchaser.aop.WebLogAspect : ################URL : http://localhost:9090/admin/types
2021-08-09 10:33:28.297  INFO 10040 --- [http-nio-9090-exec-8] com.dreamchaser.aop.WebLogAspect : ################HTTP_METHOD : GET
2021-08-09 10:33:28.298  INFO 10040 --- [http-nio-9090-exec-8] com.dreamchaser.aop.WebLogAspect : ################IP : 0:0:0:0:0:0:0:1
2021-08-09 10:33:28.298  INFO 10040 --- [http-nio-9090-exec-8] com.dreamchaser.aop.WebLogAspect : ################THE ARGS OF THE CONTROLLER : []
2021-08-09 10:33:28.298  INFO 10040 --- [http-nio-9090-exec-8] com.dreamchaser.aop.WebLogAspect : ################CLASS_METHOD : com.dreamchaser.controller.PageController.types
2021-08-09 10:37:11.631  INFO 10040 --- [http-nio-9090-exec-2] com.dreamchaser.aop.WebLogAspect : ################URL : http://localhost:9090/index
2021-08-09 10:37:11.631  INFO 10040 --- [http-nio-9090-exec-2] com.dreamchaser.aop.WebLogAspect : ################HTTP_METHOD : GET
2021-08-09 10:37:11.632  INFO 10040 --- [http-nio-9090-exec-2] com.dreamchaser.aop.WebLogAspect : ################IP : 0:0:0:0:0:0:0:1
2021-08-09 10:37:11.632  INFO 10040 --- [http-nio-9090-exec-2] com.dreamchaser.aop.WebLogAspect : ################THE ARGS OF THE CONTROLLER : [{}]
2021-08-09 10:37:11.632  INFO 10040 --- [http-nio-9090-exec-2] com.dreamchaser.aop.WebLogAspect : ################CLASS_METHOD : com.dreamchaser.controller.PageController.index
2021-08-09 10:42:20.241  INFO 15976 --- [main] com.dreamchaser.Application : Starting Application on DESKTOP-I43T2Q2 with PID 15976 (E:\javaEE资料\Blog\target\classes started by 孙 in E:\javaEE资料\Blog)
2021-08-09 10:42:20.244  INFO 15976 --- [main] com.dreamchaser.Application : The following profiles are active: dev
2021-08-09 10:42:23.248  INFO 15976 --- [main] org.springframework.boot.web.embedded.tomcat.TomcatWebServer : Tomcat initialized with port(s): 9090 (http)
2021-08-09 10:42:23.274  INFO 15976 --- [main] org.apache.catalina.core.StandardService : Starting service [Tomcat]
2021-08-09 10:42:23.275  INFO 15976 --- [main] org.apache.catalina.core.StandardEngine : Starting Servlet engine: [Apache Tomcat/9.0.36]
2021-08-09 10:42:23.276  INFO 15976 --- [main] org.apache.catalina.core.AprLifecycleListener : Loaded Apache Tomcat Native library [1.2.23] using APR version [1.7.0].
2021-08-09 10:42:23.276  INFO 15976 --- [main] org.apache.catalina.core.AprLifecycleListener : APR capabilities: IPv6 [true], sendfile [true], accept filters [false], random [true].
2021-08-09 10:42:23.276  INFO 15976 --- [main] org.apache.catalina.core.AprLifecycleListener : APR/OpenSSL configuration: useAprConnector [false], useOpenSSL [true]
2021-08-09 10:42:23.312  INFO 15976 --- [main] org.apache.catalina.core.AprLifecycleListener : OpenSSL successfully initialized [OpenSSL 1.1.1c  28 May 2019]
2021-08-09 10:42:23.620  INFO 15976 --- [main] org.apache.catalina.core.ContainerBase.[Tomcat].[localhost].[/] : Initializing Spring embedded WebApplicationContext
2021-08-09 10:42:23.620  INFO 15976 --- [main] org.springframework.boot.web.servlet.context.ServletWebServerApplicationContext : Root WebApplicationContext: initialization completed in 3307 ms
2021-08-09 10:42:23.767  INFO 15976 --- [main] com.alibaba.druid.spring.boot.autoconfigure.DruidDataSourceAutoConfigure : Init DruidDataSource
2021-08-09 10:42:24.320  INFO 15976 --- [main] com.alibaba.druid.pool.DruidDataSource : {dataSource-1} inited
2021-08-09 10:42:25.652  INFO 15976 --- [main] springfox.documentation.spring.web.PropertySourcedRequestMappingHandlerMapping : Mapped URL path [/v2/api-docs] onto method [springfox.documentation.swagger2.web.Swagger2Controller#getDocumentation(String, HttpServletRequest)]
2021-08-09 10:42:25.724  INFO 15976 --- [main] org.springframework.scheduling.concurrent.ThreadPoolTaskExecutor : Initializing ExecutorService 'applicationTaskExecutor'
2021-08-09 10:42:25.893  INFO 15976 --- [main] org.springframework.boot.autoconfigure.web.servlet.WelcomePageHandlerMapping : Adding welcome page template: index
2021-08-09 10:42:26.085  INFO 15976 --- [main] org.springframework.boot.web.embedded.tomcat.TomcatWebServer : Tomcat started on port(s): 9090 (http) with context path ''
2021-08-09 10:42:26.085  INFO 15976 --- [main] springfox.documentation.spring.web.plugins.DocumentationPluginsBootstrapper : Context refreshed
2021-08-09 10:42:26.212  INFO 15976 --- [main] springfox.documentation.spring.web.plugins.DocumentationPluginsBootstrapper : Found 1 custom documentation plugin(s)
2021-08-09 10:42:26.332  INFO 15976 --- [main] springfox.documentation.spring.web.scanners.ApiListingReferenceScanner : Scanning for api listing references
2021-08-09 10:42:26.722  INFO 15976 --- [main] springfox.documentation.spring.web.readers.operation.CachingOperationNameGenerator : Generating unique operation named: tag_inputUsingGET_1
2021-08-09 10:42:26.726  INFO 15976 --- [main] springfox.documentation.spring.web.readers.operation.CachingOperationNameGenerator : Generating unique operation named: types_inputUsingGET_1
2021-08-09 10:42:26.736  INFO 15976 --- [main] springfox.documentation.spring.web.readers.operation.CachingOperationNameGenerator : Generating unique operation named: updateUsingPUT_1
2021-08-09 10:42:26.789  INFO 15976 --- [main] com.dreamchaser.Application : Started Application in 7.342 seconds (JVM running for 9.28)
