2021-07-31 11:08:49.236  INFO 2068 --- [main] com.dreamchaser.Application : Starting Application on DESKTOP-I43T2Q2 with PID 2068 (E:\javaEE资料\Blog\target\classes started by 孙 in E:\javaEE资料\Blog)
2021-07-31 11:08:49.236  INFO 2068 --- [main] com.dreamchaser.Application : The following profiles are active: dev
2021-07-31 11:08:56.632  INFO 2068 --- [main] org.springframework.boot.web.embedded.tomcat.TomcatWebServer : Tomcat initialized with port(s): 9090 (http)
2021-07-31 11:08:56.672  INFO 2068 --- [main] org.apache.catalina.core.StandardService : Starting service [Tomcat]
2021-07-31 11:08:56.672  INFO 2068 --- [main] org.apache.catalina.core.StandardEngine : Starting Servlet engine: [Apache Tomcat/9.0.36]
2021-07-31 11:08:56.682  INFO 2068 --- [main] org.apache.catalina.core.AprLifecycleListener : Loaded Apache Tomcat Native library [1.2.23] using APR version [1.7.0].
2021-07-31 11:08:56.682  INFO 2068 --- [main] org.apache.catalina.core.AprLifecycleListener : APR capabilities: IPv6 [true], sendfile [true], accept filters [false], random [true].
2021-07-31 11:08:56.682  INFO 2068 --- [main] org.apache.catalina.core.AprLifecycleListener : APR/OpenSSL configuration: useAprConnector [false], useOpenSSL [true]
2021-07-31 11:08:56.732  INFO 2068 --- [main] org.apache.catalina.core.AprLifecycleListener : OpenSSL successfully initialized [OpenSSL 1.1.1c  28 May 2019]
2021-07-31 11:08:56.992  INFO 2068 --- [main] org.apache.catalina.core.ContainerBase.[Tomcat].[localhost].[/] : Initializing Spring embedded WebApplicationContext
2021-07-31 11:08:56.992  INFO 2068 --- [main] org.springframework.boot.web.servlet.context.ServletWebServerApplicationContext : Root WebApplicationContext: initialization completed in 7416 ms
2021-07-31 11:08:57.802  INFO 2068 --- [main] com.alibaba.druid.spring.boot.autoconfigure.DruidDataSourceAutoConfigure : Init DruidDataSource
2021-07-31 11:08:58.681  INFO 2068 --- [main] com.alibaba.druid.pool.DruidDataSource : {dataSource-1} inited
2021-07-31 11:08:59.990  INFO 2068 --- [main] org.springframework.scheduling.concurrent.ThreadPoolTaskExecutor : Initializing ExecutorService 'applicationTaskExecutor'
2021-07-31 11:09:00.320  INFO 2068 --- [main] org.springframework.boot.autoconfigure.web.servlet.WelcomePageHandlerMapping : Adding welcome page template: index
2021-07-31 11:09:01.310  INFO 2068 --- [main] org.springframework.boot.web.embedded.tomcat.TomcatWebServer : Tomcat started on port(s): 9090 (http) with context path ''
2021-07-31 11:09:01.330  INFO 2068 --- [main] com.dreamchaser.Application : Started Application in 15.637 seconds (JVM running for 18.63)
2021-07-31 11:10:56.825  INFO 2068 --- [http-nio-9090-exec-1] org.apache.catalina.core.ContainerBase.[Tomcat].[localhost].[/] : Initializing Spring DispatcherServlet 'dispatcherServlet'
2021-07-31 11:10:56.826  INFO 2068 --- [http-nio-9090-exec-1] org.springframework.web.servlet.DispatcherServlet : Initializing Servlet 'dispatcherServlet'
2021-07-31 11:10:56.834  INFO 2068 --- [http-nio-9090-exec-1] org.springframework.web.servlet.DispatcherServlet : Completed initialization in 8 ms
2021-07-31 11:10:56.898  INFO 2068 --- [http-nio-9090-exec-1] com.dreamchaser.aop.WebLogAspect : ################URL : http://localhost:9090/index
2021-07-31 11:10:56.898  INFO 2068 --- [http-nio-9090-exec-1] com.dreamchaser.aop.WebLogAspect : ################HTTP_METHOD : GET
2021-07-31 11:10:56.898  INFO 2068 --- [http-nio-9090-exec-1] com.dreamchaser.aop.WebLogAspect : ################IP : 0:0:0:0:0:0:0:1
2021-07-31 11:10:56.898  INFO 2068 --- [http-nio-9090-exec-1] com.dreamchaser.aop.WebLogAspect : ################THE ARGS OF THE CONTROLLER : [{}]
2021-07-31 11:10:56.909  INFO 2068 --- [http-nio-9090-exec-1] com.dreamchaser.aop.WebLogAspect : ################CLASS_METHOD : com.dreamchaser.controller.PageController.index
2021-07-31 11:11:06.801  INFO 2068 --- [http-nio-9090-exec-1] com.dreamchaser.aop.WebLogAspect : ################URL : http://localhost:9090/index
2021-07-31 11:11:06.802  INFO 2068 --- [http-nio-9090-exec-1] com.dreamchaser.aop.WebLogAspect : ################HTTP_METHOD : GET
2021-07-31 11:11:06.802  INFO 2068 --- [http-nio-9090-exec-1] com.dreamchaser.aop.WebLogAspect : ################IP : 0:0:0:0:0:0:0:1
2021-07-31 11:11:06.802  INFO 2068 --- [http-nio-9090-exec-1] com.dreamchaser.aop.WebLogAspect : ################THE ARGS OF THE CONTROLLER : [{begin=8, size=8}]
2021-07-31 11:11:06.803  INFO 2068 --- [http-nio-9090-exec-1] com.dreamchaser.aop.WebLogAspect : ################CLASS_METHOD : com.dreamchaser.controller.PageController.index
2021-07-31 11:11:11.211  INFO 2068 --- [http-nio-9090-exec-8] com.dreamchaser.aop.WebLogAspect : ################URL : http://localhost:9090/index
2021-07-31 11:11:11.211  INFO 2068 --- [http-nio-9090-exec-8] com.dreamchaser.aop.WebLogAspect : ################HTTP_METHOD : GET
2021-07-31 11:11:11.212  INFO 2068 --- [http-nio-9090-exec-8] com.dreamchaser.aop.WebLogAspect : ################IP : 0:0:0:0:0:0:0:1
2021-07-31 11:11:11.212  INFO 2068 --- [http-nio-9090-exec-8] com.dreamchaser.aop.WebLogAspect : ################THE ARGS OF THE CONTROLLER : [{begin=16, size=8}]
2021-07-31 11:11:11.212  INFO 2068 --- [http-nio-9090-exec-8] com.dreamchaser.aop.WebLogAspect : ################CLASS_METHOD : com.dreamchaser.controller.PageController.index
2021-07-31 11:11:18.847  INFO 2068 --- [http-nio-9090-exec-5] com.dreamchaser.aop.WebLogAspect : ################URL : http://localhost:9090/index
2021-07-31 11:11:18.847  INFO 2068 --- [http-nio-9090-exec-5] com.dreamchaser.aop.WebLogAspect : ################HTTP_METHOD : GET
2021-07-31 11:11:18.847  INFO 2068 --- [http-nio-9090-exec-5] com.dreamchaser.aop.WebLogAspect : ################IP : 0:0:0:0:0:0:0:1
2021-07-31 11:11:18.847  INFO 2068 --- [http-nio-9090-exec-5] com.dreamchaser.aop.WebLogAspect : ################THE ARGS OF THE CONTROLLER : [{begin=24, size=8}]
2021-07-31 11:11:18.847  INFO 2068 --- [http-nio-9090-exec-5] com.dreamchaser.aop.WebLogAspect : ################CLASS_METHOD : com.dreamchaser.controller.PageController.index
2021-07-31 11:11:20.883  INFO 2068 --- [http-nio-9090-exec-2] com.dreamchaser.aop.WebLogAspect : ################URL : http://localhost:9090/index
2021-07-31 11:11:20.884  INFO 2068 --- [http-nio-9090-exec-2] com.dreamchaser.aop.WebLogAspect : ################HTTP_METHOD : GET
2021-07-31 11:11:20.884  INFO 2068 --- [http-nio-9090-exec-2] com.dreamchaser.aop.WebLogAspect : ################IP : 0:0:0:0:0:0:0:1
2021-07-31 11:11:20.884  INFO 2068 --- [http-nio-9090-exec-2] com.dreamchaser.aop.WebLogAspect : ################THE ARGS OF THE CONTROLLER : [{begin=16, size=8}]
2021-07-31 11:11:20.884  INFO 2068 --- [http-nio-9090-exec-2] com.dreamchaser.aop.WebLogAspect : ################CLASS_METHOD : com.dreamchaser.controller.PageController.index
2021-07-31 11:11:22.973  INFO 2068 --- [http-nio-9090-exec-3] com.dreamchaser.aop.WebLogAspect : ################URL : http://localhost:9090/index
2021-07-31 11:11:22.973  INFO 2068 --- [http-nio-9090-exec-3] com.dreamchaser.aop.WebLogAspect : ################HTTP_METHOD : GET
2021-07-31 11:11:22.973  INFO 2068 --- [http-nio-9090-exec-3] com.dreamchaser.aop.WebLogAspect : ################IP : 0:0:0:0:0:0:0:1
2021-07-31 11:11:22.974  INFO 2068 --- [http-nio-9090-exec-3] com.dreamchaser.aop.WebLogAspect : ################THE ARGS OF THE CONTROLLER : [{begin=8, size=8}]
2021-07-31 11:11:22.974  INFO 2068 --- [http-nio-9090-exec-3] com.dreamchaser.aop.WebLogAspect : ################CLASS_METHOD : com.dreamchaser.controller.PageController.index
2021-07-31 11:11:25.682  INFO 2068 --- [http-nio-9090-exec-9] com.dreamchaser.aop.WebLogAspect : ################URL : http://localhost:9090/page_blog/37
2021-07-31 11:11:25.683  INFO 2068 --- [http-nio-9090-exec-9] com.dreamchaser.aop.WebLogAspect : ################HTTP_METHOD : GET
2021-07-31 11:11:25.683  INFO 2068 --- [http-nio-9090-exec-9] com.dreamchaser.aop.WebLogAspect : ################IP : 0:0:0:0:0:0:0:1
2021-07-31 11:11:25.683  INFO 2068 --- [http-nio-9090-exec-9] com.dreamchaser.aop.WebLogAspect : ################THE ARGS OF THE CONTROLLER : [37]
2021-07-31 11:11:25.683  INFO 2068 --- [http-nio-9090-exec-9] com.dreamchaser.aop.WebLogAspect : ################CLASS_METHOD : com.dreamchaser.controller.PageController.blog
2021-07-31 11:11:30.037  INFO 2068 --- [http-nio-9090-exec-9] com.dreamchaser.aop.WebLogAspect : ################URL : http://localhost:9090/page_blog/37
2021-07-31 11:11:30.037  INFO 2068 --- [http-nio-9090-exec-9] com.dreamchaser.aop.WebLogAspect : ################HTTP_METHOD : GET
2021-07-31 11:11:30.037  INFO 2068 --- [http-nio-9090-exec-9] com.dreamchaser.aop.WebLogAspect : ################IP : 0:0:0:0:0:0:0:1
2021-07-31 11:11:30.038  INFO 2068 --- [http-nio-9090-exec-9] com.dreamchaser.aop.WebLogAspect : ################THE ARGS OF THE CONTROLLER : [37]
2021-07-31 11:11:30.038  INFO 2068 --- [http-nio-9090-exec-9] com.dreamchaser.aop.WebLogAspect : ################CLASS_METHOD : com.dreamchaser.controller.PageController.blog
2021-07-31 11:11:31.713  INFO 2068 --- [http-nio-9090-exec-2] com.dreamchaser.aop.WebLogAspect : ################URL : http://localhost:9090/page_blog/37
2021-07-31 11:11:31.713  INFO 2068 --- [http-nio-9090-exec-2] com.dreamchaser.aop.WebLogAspect : ################HTTP_METHOD : GET
2021-07-31 11:11:31.713  INFO 2068 --- [http-nio-9090-exec-2] com.dreamchaser.aop.WebLogAspect : ################IP : 0:0:0:0:0:0:0:1
2021-07-31 11:11:31.713  INFO 2068 --- [http-nio-9090-exec-2] com.dreamchaser.aop.WebLogAspect : ################THE ARGS OF THE CONTROLLER : [37]
2021-07-31 11:11:31.713  INFO 2068 --- [http-nio-9090-exec-2] com.dreamchaser.aop.WebLogAspect : ################CLASS_METHOD : com.dreamchaser.controller.PageController.blog
2021-07-31 11:11:38.864  INFO 2068 --- [http-nio-9090-exec-5] com.dreamchaser.aop.WebLogAspect : ################URL : http://localhost:9090/search
2021-07-31 11:11:38.865  INFO 2068 --- [http-nio-9090-exec-5] com.dreamchaser.aop.WebLogAspect : ################HTTP_METHOD : GET
2021-07-31 11:11:38.865  INFO 2068 --- [http-nio-9090-exec-5] com.dreamchaser.aop.WebLogAspect : ################IP : 0:0:0:0:0:0:0:1
2021-07-31 11:11:38.865  INFO 2068 --- [http-nio-9090-exec-5] com.dreamchaser.aop.WebLogAspect : ################THE ARGS OF THE CONTROLLER : [{title=微信小程序仿网易云}]
2021-07-31 11:11:38.865  INFO 2068 --- [http-nio-9090-exec-5] com.dreamchaser.aop.WebLogAspect : ################CLASS_METHOD : com.dreamchaser.controller.PageController.index_search
2021-07-31 11:11:45.358  INFO 2068 --- [http-nio-9090-exec-1] com.dreamchaser.aop.WebLogAspect : ################URL : http://localhost:9090/page_blog/59
2021-07-31 11:11:45.359  INFO 2068 --- [http-nio-9090-exec-1] com.dreamchaser.aop.WebLogAspect : ################HTTP_METHOD : GET
2021-07-31 11:11:45.359  INFO 2068 --- [http-nio-9090-exec-1] com.dreamchaser.aop.WebLogAspect : ################IP : 0:0:0:0:0:0:0:1
2021-07-31 11:11:45.359  INFO 2068 --- [http-nio-9090-exec-1] com.dreamchaser.aop.WebLogAspect : ################THE ARGS OF THE CONTROLLER : [59]
2021-07-31 11:11:45.359  INFO 2068 --- [http-nio-9090-exec-1] com.dreamchaser.aop.WebLogAspect : ################CLASS_METHOD : com.dreamchaser.controller.PageController.blog
2021-07-31 11:12:06.562  INFO 2068 --- [http-nio-9090-exec-7] com.dreamchaser.aop.WebLogAspect : ################URL : http://localhost:9090/index
2021-07-31 11:12:06.562  INFO 2068 --- [http-nio-9090-exec-7] com.dreamchaser.aop.WebLogAspect : ################HTTP_METHOD : GET
2021-07-31 11:12:06.563  INFO 2068 --- [http-nio-9090-exec-7] com.dreamchaser.aop.WebLogAspect : ################IP : 0:0:0:0:0:0:0:1
2021-07-31 11:12:06.563  INFO 2068 --- [http-nio-9090-exec-7] com.dreamchaser.aop.WebLogAspect : ################THE ARGS OF THE CONTROLLER : [{}]
2021-07-31 11:12:06.563  INFO 2068 --- [http-nio-9090-exec-7] com.dreamchaser.aop.WebLogAspect : ################CLASS_METHOD : com.dreamchaser.controller.PageController.index
2021-07-31 11:12:16.666  INFO 2068 --- [http-nio-9090-exec-10] com.dreamchaser.aop.WebLogAspect : ################URL : http://localhost:9090/search
2021-07-31 11:12:16.667  INFO 2068 --- [http-nio-9090-exec-10] com.dreamchaser.aop.WebLogAspect : ################HTTP_METHOD : GET
2021-07-31 11:12:16.667  INFO 2068 --- [http-nio-9090-exec-10] com.dreamchaser.aop.WebLogAspect : ################IP : 0:0:0:0:0:0:0:1
2021-07-31 11:12:16.667  INFO 2068 --- [http-nio-9090-exec-10] com.dreamchaser.aop.WebLogAspect : ################THE ARGS OF THE CONTROLLER : [{title=spring}]
2021-07-31 11:12:16.667  INFO 2068 --- [http-nio-9090-exec-10] com.dreamchaser.aop.WebLogAspect : ################CLASS_METHOD : com.dreamchaser.controller.PageController.index_search
2021-07-31 11:12:21.043  INFO 2068 --- [http-nio-9090-exec-4] com.dreamchaser.aop.WebLogAspect : ################URL : http://localhost:9090/page_blog/53
2021-07-31 11:12:21.043  INFO 2068 --- [http-nio-9090-exec-4] com.dreamchaser.aop.WebLogAspect : ################HTTP_METHOD : GET
2021-07-31 11:12:21.043  INFO 2068 --- [http-nio-9090-exec-4] com.dreamchaser.aop.WebLogAspect : ################IP : 0:0:0:0:0:0:0:1
2021-07-31 11:12:21.043  INFO 2068 --- [http-nio-9090-exec-4] com.dreamchaser.aop.WebLogAspect : ################THE ARGS OF THE CONTROLLER : [53]
2021-07-31 11:12:21.043  INFO 2068 --- [http-nio-9090-exec-4] com.dreamchaser.aop.WebLogAspect : ################CLASS_METHOD : com.dreamchaser.controller.PageController.blog
2021-07-31 11:14:40.302  INFO 2068 --- [http-nio-9090-exec-9] com.dreamchaser.aop.WebLogAspect : ################URL : http://localhost:9090/comment
2021-07-31 11:14:40.303  INFO 2068 --- [http-nio-9090-exec-9] com.dreamchaser.aop.WebLogAspect : ################HTTP_METHOD : POST
2021-07-31 11:14:40.303  INFO 2068 --- [http-nio-9090-exec-9] com.dreamchaser.aop.WebLogAspect : ################IP : 0:0:0:0:0:0:0:1
2021-07-31 11:14:40.303  INFO 2068 --- [http-nio-9090-exec-9] com.dreamchaser.aop.WebLogAspect : ################THE ARGS OF THE CONTROLLER : [com.dreamchaser.pojo.Comment@43d810ea, org.apache.catalina.session.StandardSessionFacade@16cad527]
2021-07-31 11:14:40.303  INFO 2068 --- [http-nio-9090-exec-9] com.dreamchaser.aop.WebLogAspect : ################CLASS_METHOD : com.dreamchaser.controller.CommentController.insertComment
2021-07-31 11:14:40.569  INFO 2068 --- [http-nio-9090-exec-3] com.dreamchaser.aop.WebLogAspect : ################URL : http://localhost:9090/page_blog/53;jsessionid=5144BCE6C317005237FE38BAF5436CFD
2021-07-31 11:14:40.569  INFO 2068 --- [http-nio-9090-exec-3] com.dreamchaser.aop.WebLogAspect : ################HTTP_METHOD : GET
2021-07-31 11:14:40.569  INFO 2068 --- [http-nio-9090-exec-3] com.dreamchaser.aop.WebLogAspect : ################IP : 0:0:0:0:0:0:0:1
2021-07-31 11:14:40.569  INFO 2068 --- [http-nio-9090-exec-3] com.dreamchaser.aop.WebLogAspect : ################THE ARGS OF THE CONTROLLER : [53]
2021-07-31 11:14:40.569  INFO 2068 --- [http-nio-9090-exec-3] com.dreamchaser.aop.WebLogAspect : ################CLASS_METHOD : com.dreamchaser.controller.PageController.blog
2021-07-31 11:15:07.514  INFO 2068 --- [http-nio-9090-exec-8] com.dreamchaser.aop.WebLogAspect : ################URL : http://localhost:9090/comment
2021-07-31 11:15:07.514  INFO 2068 --- [http-nio-9090-exec-8] com.dreamchaser.aop.WebLogAspect : ################HTTP_METHOD : POST
2021-07-31 11:15:07.514  INFO 2068 --- [http-nio-9090-exec-8] com.dreamchaser.aop.WebLogAspect : ################IP : 0:0:0:0:0:0:0:1
2021-07-31 11:15:07.514  INFO 2068 --- [http-nio-9090-exec-8] com.dreamchaser.aop.WebLogAspect : ################THE ARGS OF THE CONTROLLER : [com.dreamchaser.pojo.Comment@56501f88, org.apache.catalina.session.StandardSessionFacade@16cad527]
2021-07-31 11:15:07.514  INFO 2068 --- [http-nio-9090-exec-8] com.dreamchaser.aop.WebLogAspect : ################CLASS_METHOD : com.dreamchaser.controller.CommentController.insertComment
2021-07-31 11:15:07.529  INFO 2068 --- [http-nio-9090-exec-7] com.dreamchaser.aop.WebLogAspect : ################URL : http://localhost:9090/page_blog/53
2021-07-31 11:15:07.530  INFO 2068 --- [http-nio-9090-exec-7] com.dreamchaser.aop.WebLogAspect : ################HTTP_METHOD : GET
2021-07-31 11:15:07.641  INFO 2068 --- [http-nio-9090-exec-7] com.dreamchaser.aop.WebLogAspect : ################IP : 0:0:0:0:0:0:0:1
2021-07-31 11:15:07.641  INFO 2068 --- [http-nio-9090-exec-7] com.dreamchaser.aop.WebLogAspect : ################THE ARGS OF THE CONTROLLER : [53]
2021-07-31 11:15:07.641  INFO 2068 --- [http-nio-9090-exec-7] com.dreamchaser.aop.WebLogAspect : ################CLASS_METHOD : com.dreamchaser.controller.PageController.blog
2021-07-31 11:15:36.073  INFO 2068 --- [http-nio-9090-exec-2] com.dreamchaser.aop.WebLogAspect : ################URL : http://localhost:9090/page_blog/53
2021-07-31 11:15:36.074  INFO 2068 --- [http-nio-9090-exec-2] com.dreamchaser.aop.WebLogAspect : ################HTTP_METHOD : GET
2021-07-31 11:15:36.074  INFO 2068 --- [http-nio-9090-exec-2] com.dreamchaser.aop.WebLogAspect : ################IP : 0:0:0:0:0:0:0:1
2021-07-31 11:15:36.074  INFO 2068 --- [http-nio-9090-exec-2] com.dreamchaser.aop.WebLogAspect : ################THE ARGS OF THE CONTROLLER : [53]
2021-07-31 11:15:36.074  INFO 2068 --- [http-nio-9090-exec-2] com.dreamchaser.aop.WebLogAspect : ################CLASS_METHOD : com.dreamchaser.controller.PageController.blog
2021-07-31 11:15:38.194  INFO 2068 --- [http-nio-9090-exec-5] com.dreamchaser.aop.WebLogAspect : ################URL : http://localhost:9090/page_blog/53
2021-07-31 11:15:38.194  INFO 2068 --- [http-nio-9090-exec-5] com.dreamchaser.aop.WebLogAspect : ################HTTP_METHOD : GET
2021-07-31 11:15:38.194  INFO 2068 --- [http-nio-9090-exec-5] com.dreamchaser.aop.WebLogAspect : ################IP : 0:0:0:0:0:0:0:1
2021-07-31 11:15:38.194  INFO 2068 --- [http-nio-9090-exec-5] com.dreamchaser.aop.WebLogAspect : ################THE ARGS OF THE CONTROLLER : [53]
2021-07-31 11:15:38.194  INFO 2068 --- [http-nio-9090-exec-5] com.dreamchaser.aop.WebLogAspect : ################CLASS_METHOD : com.dreamchaser.controller.PageController.blog
2021-07-31 11:15:40.222  INFO 2068 --- [http-nio-9090-exec-9] com.dreamchaser.aop.WebLogAspect : ################URL : http://localhost:9090/page_blog/44
2021-07-31 11:15:40.222  INFO 2068 --- [http-nio-9090-exec-9] com.dreamchaser.aop.WebLogAspect : ################HTTP_METHOD : GET
2021-07-31 11:15:40.222  INFO 2068 --- [http-nio-9090-exec-9] com.dreamchaser.aop.WebLogAspect : ################IP : 0:0:0:0:0:0:0:1
2021-07-31 11:15:40.223  INFO 2068 --- [http-nio-9090-exec-9] com.dreamchaser.aop.WebLogAspect : ################THE ARGS OF THE CONTROLLER : [44]
2021-07-31 11:15:40.223  INFO 2068 --- [http-nio-9090-exec-9] com.dreamchaser.aop.WebLogAspect : ################CLASS_METHOD : com.dreamchaser.controller.PageController.blog
2021-07-31 11:15:49.069  INFO 2068 --- [http-nio-9090-exec-1] com.dreamchaser.aop.WebLogAspect : ################URL : http://localhost:9090/comment
2021-07-31 11:15:49.069  INFO 2068 --- [http-nio-9090-exec-1] com.dreamchaser.aop.WebLogAspect : ################HTTP_METHOD : POST
2021-07-31 11:15:49.069  INFO 2068 --- [http-nio-9090-exec-1] com.dreamchaser.aop.WebLogAspect : ################IP : 0:0:0:0:0:0:0:1
2021-07-31 11:15:49.070  INFO 2068 --- [http-nio-9090-exec-1] com.dreamchaser.aop.WebLogAspect : ################THE ARGS OF THE CONTROLLER : [com.dreamchaser.pojo.Comment@69172155, org.apache.catalina.session.StandardSessionFacade@16cad527]
2021-07-31 11:15:49.070  INFO 2068 --- [http-nio-9090-exec-1] com.dreamchaser.aop.WebLogAspect : ################CLASS_METHOD : com.dreamchaser.controller.CommentController.insertComment
2021-07-31 11:15:49.085  INFO 2068 --- [http-nio-9090-exec-8] com.dreamchaser.aop.WebLogAspect : ################URL : http://localhost:9090/page_blog/44
2021-07-31 11:15:49.085  INFO 2068 --- [http-nio-9090-exec-8] com.dreamchaser.aop.WebLogAspect : ################HTTP_METHOD : GET
2021-07-31 11:15:49.086  INFO 2068 --- [http-nio-9090-exec-8] com.dreamchaser.aop.WebLogAspect : ################IP : 0:0:0:0:0:0:0:1
2021-07-31 11:15:49.086  INFO 2068 --- [http-nio-9090-exec-8] com.dreamchaser.aop.WebLogAspect : ################THE ARGS OF THE CONTROLLER : [44]
2021-07-31 11:15:49.086  INFO 2068 --- [http-nio-9090-exec-8] com.dreamchaser.aop.WebLogAspect : ################CLASS_METHOD : com.dreamchaser.controller.PageController.blog
2021-07-31 11:16:03.068  INFO 2068 --- [http-nio-9090-exec-4] com.dreamchaser.aop.WebLogAspect : ################URL : http://localhost:9090/comment
2021-07-31 11:16:03.068  INFO 2068 --- [http-nio-9090-exec-4] com.dreamchaser.aop.WebLogAspect : ################HTTP_METHOD : POST
2021-07-31 11:16:03.068  INFO 2068 --- [http-nio-9090-exec-4] com.dreamchaser.aop.WebLogAspect : ################IP : 0:0:0:0:0:0:0:1
2021-07-31 11:16:03.068  INFO 2068 --- [http-nio-9090-exec-4] com.dreamchaser.aop.WebLogAspect : ################THE ARGS OF THE CONTROLLER : [com.dreamchaser.pojo.Comment@373696ae, org.apache.catalina.session.StandardSessionFacade@16cad527]
2021-07-31 11:16:03.068  INFO 2068 --- [http-nio-9090-exec-4] com.dreamchaser.aop.WebLogAspect : ################CLASS_METHOD : com.dreamchaser.controller.CommentController.insertComment
2021-07-31 11:16:03.083  INFO 2068 --- [http-nio-9090-exec-2] com.dreamchaser.aop.WebLogAspect : ################URL : http://localhost:9090/page_blog/44
2021-07-31 11:16:03.084  INFO 2068 --- [http-nio-9090-exec-2] com.dreamchaser.aop.WebLogAspect : ################HTTP_METHOD : GET
2021-07-31 11:16:03.084  INFO 2068 --- [http-nio-9090-exec-2] com.dreamchaser.aop.WebLogAspect : ################IP : 0:0:0:0:0:0:0:1
2021-07-31 11:16:03.084  INFO 2068 --- [http-nio-9090-exec-2] com.dreamchaser.aop.WebLogAspect : ################THE ARGS OF THE CONTROLLER : [44]
2021-07-31 11:16:03.084  INFO 2068 --- [http-nio-9090-exec-2] com.dreamchaser.aop.WebLogAspect : ################CLASS_METHOD : com.dreamchaser.controller.PageController.blog
2021-07-31 11:23:50.139  INFO 2068 --- [http-nio-9090-exec-3] com.dreamchaser.aop.WebLogAspect : ################URL : http://localhost:9090/page_blog/46
2021-07-31 11:23:50.139  INFO 2068 --- [http-nio-9090-exec-3] com.dreamchaser.aop.WebLogAspect : ################HTTP_METHOD : GET
2021-07-31 11:23:50.139  INFO 2068 --- [http-nio-9090-exec-3] com.dreamchaser.aop.WebLogAspect : ################IP : 0:0:0:0:0:0:0:1
2021-07-31 11:23:50.139  INFO 2068 --- [http-nio-9090-exec-3] com.dreamchaser.aop.WebLogAspect : ################THE ARGS OF THE CONTROLLER : [46]
2021-07-31 11:23:50.139  INFO 2068 --- [http-nio-9090-exec-3] com.dreamchaser.aop.WebLogAspect : ################CLASS_METHOD : com.dreamchaser.controller.PageController.blog
2021-07-31 11:25:42.852  INFO 2068 --- [http-nio-9090-exec-8] com.dreamchaser.aop.WebLogAspect : ################URL : http://localhost:9090/page_blog/46
2021-07-31 11:25:42.852  INFO 2068 --- [http-nio-9090-exec-8] com.dreamchaser.aop.WebLogAspect : ################HTTP_METHOD : GET
2021-07-31 11:25:42.852  INFO 2068 --- [http-nio-9090-exec-8] com.dreamchaser.aop.WebLogAspect : ################IP : 0:0:0:0:0:0:0:1
2021-07-31 11:25:42.852  INFO 2068 --- [http-nio-9090-exec-8] com.dreamchaser.aop.WebLogAspect : ################THE ARGS OF THE CONTROLLER : [46]
2021-07-31 11:25:42.852  INFO 2068 --- [http-nio-9090-exec-8] com.dreamchaser.aop.WebLogAspect : ################CLASS_METHOD : com.dreamchaser.controller.PageController.blog
2021-07-31 11:25:45.306  INFO 2068 --- [http-nio-9090-exec-7] com.dreamchaser.aop.WebLogAspect : ################URL : http://localhost:9090/page_blog/46
2021-07-31 11:25:45.306  INFO 2068 --- [http-nio-9090-exec-7] com.dreamchaser.aop.WebLogAspect : ################HTTP_METHOD : GET
2021-07-31 11:25:45.307  INFO 2068 --- [http-nio-9090-exec-7] com.dreamchaser.aop.WebLogAspect : ################IP : 0:0:0:0:0:0:0:1
2021-07-31 11:25:45.307  INFO 2068 --- [http-nio-9090-exec-7] com.dreamchaser.aop.WebLogAspect : ################THE ARGS OF THE CONTROLLER : [46]
2021-07-31 11:25:45.307  INFO 2068 --- [http-nio-9090-exec-7] com.dreamchaser.aop.WebLogAspect : ################CLASS_METHOD : com.dreamchaser.controller.PageController.blog
2021-07-31 11:25:55.807  INFO 5464 --- [main] com.dreamchaser.Application : Starting Application on DESKTOP-I43T2Q2 with PID 5464 (E:\javaEE资料\Blog\target\classes started by 孙 in E:\javaEE资料\Blog)
2021-07-31 11:25:55.807  INFO 5464 --- [main] com.dreamchaser.Application : The following profiles are active: dev
2021-07-31 11:25:57.017  INFO 5464 --- [main] org.springframework.boot.web.embedded.tomcat.TomcatWebServer : Tomcat initialized with port(s): 9090 (http)
2021-07-31 11:25:57.027  INFO 5464 --- [main] org.apache.catalina.core.StandardService : Starting service [Tomcat]
2021-07-31 11:25:57.027  INFO 5464 --- [main] org.apache.catalina.core.StandardEngine : Starting Servlet engine: [Apache Tomcat/9.0.36]
2021-07-31 11:25:57.027  INFO 5464 --- [main] org.apache.catalina.core.AprLifecycleListener : Loaded Apache Tomcat Native library [1.2.23] using APR version [1.7.0].
2021-07-31 11:25:57.027  INFO 5464 --- [main] org.apache.catalina.core.AprLifecycleListener : APR capabilities: IPv6 [true], sendfile [true], accept filters [false], random [true].
2021-07-31 11:25:57.027  INFO 5464 --- [main] org.apache.catalina.core.AprLifecycleListener : APR/OpenSSL configuration: useAprConnector [false], useOpenSSL [true]
2021-07-31 11:25:57.027  INFO 5464 --- [main] org.apache.catalina.core.AprLifecycleListener : OpenSSL successfully initialized [OpenSSL 1.1.1c  28 May 2019]
2021-07-31 11:25:57.097  INFO 5464 --- [main] org.apache.catalina.core.ContainerBase.[Tomcat].[localhost].[/] : Initializing Spring embedded WebApplicationContext
2021-07-31 11:25:57.097  INFO 5464 --- [main] org.springframework.boot.web.servlet.context.ServletWebServerApplicationContext : Root WebApplicationContext: initialization completed in 1220 ms
2021-07-31 11:25:57.237  INFO 5464 --- [main] com.alibaba.druid.spring.boot.autoconfigure.DruidDataSourceAutoConfigure : Init DruidDataSource
2021-07-31 11:25:57.327  INFO 5464 --- [main] com.alibaba.druid.pool.DruidDataSource : {dataSource-1} inited
2021-07-31 11:25:57.766  INFO 5464 --- [main] org.springframework.scheduling.concurrent.ThreadPoolTaskExecutor : Initializing ExecutorService 'applicationTaskExecutor'
2021-07-31 11:25:57.826  INFO 5464 --- [main] org.springframework.boot.autoconfigure.web.servlet.WelcomePageHandlerMapping : Adding welcome page template: index
2021-07-31 11:25:57.986  INFO 5464 --- [main] org.springframework.boot.web.embedded.tomcat.TomcatWebServer : Tomcat started on port(s): 9090 (http) with context path ''
2021-07-31 11:25:57.996  INFO 5464 --- [main] com.dreamchaser.Application : Started Application in 3.424 seconds (JVM running for 4.574)
2021-07-31 11:26:01.492  INFO 5464 --- [http-nio-9090-exec-1] org.apache.catalina.core.ContainerBase.[Tomcat].[localhost].[/] : Initializing Spring DispatcherServlet 'dispatcherServlet'
2021-07-31 11:26:01.493  INFO 5464 --- [http-nio-9090-exec-1] org.springframework.web.servlet.DispatcherServlet : Initializing Servlet 'dispatcherServlet'
2021-07-31 11:26:01.497  INFO 5464 --- [http-nio-9090-exec-1] org.springframework.web.servlet.DispatcherServlet : Completed initialization in 4 ms
2021-07-31 11:26:01.520  INFO 5464 --- [http-nio-9090-exec-1] com.dreamchaser.aop.WebLogAspect : ################URL : http://localhost:9090/page_blog/46
2021-07-31 11:26:01.520  INFO 5464 --- [http-nio-9090-exec-1] com.dreamchaser.aop.WebLogAspect : ################HTTP_METHOD : GET
2021-07-31 11:26:01.520  INFO 5464 --- [http-nio-9090-exec-1] com.dreamchaser.aop.WebLogAspect : ################IP : 0:0:0:0:0:0:0:1
2021-07-31 11:26:01.520  INFO 5464 --- [http-nio-9090-exec-1] com.dreamchaser.aop.WebLogAspect : ################THE ARGS OF THE CONTROLLER : [46]
2021-07-31 11:26:01.521  INFO 5464 --- [http-nio-9090-exec-1] com.dreamchaser.aop.WebLogAspect : ################CLASS_METHOD : com.dreamchaser.controller.PageController.blog
2021-07-31 11:26:47.891  INFO 5464 --- [http-nio-9090-exec-4] com.dreamchaser.aop.WebLogAspect : ################URL : http://localhost:9090/page_blog/57
2021-07-31 11:26:47.891  INFO 5464 --- [http-nio-9090-exec-4] com.dreamchaser.aop.WebLogAspect : ################HTTP_METHOD : GET
2021-07-31 11:26:47.891  INFO 5464 --- [http-nio-9090-exec-4] com.dreamchaser.aop.WebLogAspect : ################IP : 0:0:0:0:0:0:0:1
2021-07-31 11:26:47.891  INFO 5464 --- [http-nio-9090-exec-4] com.dreamchaser.aop.WebLogAspect : ################THE ARGS OF THE CONTROLLER : [57]
2021-07-31 11:26:47.892  INFO 5464 --- [http-nio-9090-exec-4] com.dreamchaser.aop.WebLogAspect : ################CLASS_METHOD : com.dreamchaser.controller.PageController.blog
